2025-08-21 01:29:06,825 - ERROR - DISCORD_TOKEN environment variable not found!
2025-08-21 01:29:06,825 - ERROR - Please set your Discord bot token in the environment variables.
2025-08-21 01:29:20,711 - ERROR - DISCORD_TOKEN environment variable not found!
2025-08-21 01:29:20,711 - ERROR - Please set your Discord bot token in the environment variables.
2025-08-21 01:31:56,994 - ERROR - DISCORD_TOKEN environment variable not found!
2025-08-21 01:31:56,994 - ERROR - Please set your Discord bot token in the environment variables.
2025-08-21 01:31:57,293 - ERROR - DISCORD_TOKEN environment variable not found!
2025-08-21 01:31:57,293 - ERROR - Please set your Discord bot token in the environment variables.
2025-08-21 01:32:57,653 - WARNING - PyNaCl is not installed, voice will NOT be supported
2025-08-21 01:32:57,659 - INFO - logging in using static token
2025-08-21 01:32:57,916 - WARNING - PyNaCl is not installed, voice will NOT be supported
2025-08-21 01:32:57,921 - INFO - logging in using static token
2025-08-21 01:32:58,045 - INFO - Admin commands loaded successfully
2025-08-21 01:32:58,250 - ERROR - Failed to start bot: Shard ID None is requesting privileged intents that have not been explicitly enabled in the developer portal. It is recommended to go to https://discord.com/developers/applications/ and explicitly enable the privileged intents within your application's page. If this is not possible, then consider disabling the privileged intents instead.
2025-08-21 01:32:58,311 - INFO - Admin commands loaded successfully
2025-08-21 01:32:58,713 - ERROR - Failed to start bot: Shard ID None is requesting privileged intents that have not been explicitly enabled in the developer portal. It is recommended to go to https://discord.com/developers/applications/ and explicitly enable the privileged intents within your application's page. If this is not possible, then consider disabling the privileged intents instead.
2025-08-21 01:37:53,140 - WARNING - PyNaCl is not installed, voice will NOT be supported
2025-08-21 01:37:53,145 - INFO - logging in using static token
2025-08-21 01:37:53,495 - INFO - Admin commands loaded successfully
2025-08-21 01:37:53,738 - INFO - Shard ID None has connected to Gateway (Session ID: 27c655e0bea2f61585530c4649a98156).
2025-08-21 01:37:55,749 - INFO - seraphina#0264 has connected to Discord!
2025-08-21 01:37:55,749 - INFO - Bot is in 1 guilds
2025-08-21 01:37:55,750 - INFO - Connected to guild: freaky development (ID: 1405223222588342302)
2025-08-21 01:39:06,236 - WARNING - PyNaCl is not installed, voice will NOT be supported
2025-08-21 01:39:06,247 - INFO - logging in using static token
2025-08-21 01:39:06,632 - INFO - Admin commands loaded successfully
2025-08-21 01:39:07,009 - INFO - Shard ID None has connected to Gateway (Session ID: 78bff94e9b8ec248bc35a9d73cd64d56).
2025-08-21 01:39:09,035 - INFO - seraphina#0264 has connected to Discord!
2025-08-21 01:39:09,035 - INFO - Bot is in 1 guilds
2025-08-21 01:39:09,036 - INFO - Connected to guild: freaky development (ID: 1405223222588342302)
2025-08-21 01:39:48,118 - INFO - Configuration saved successfully
2025-08-21 01:47:00,168 - INFO - Web server started on port 5000 for UptimeRobot monitoring
2025-08-21 01:47:00,169 - WARNING - PyNaCl is not installed, voice will NOT be supported
2025-08-21 01:47:00,174 - INFO - logging in using static token
2025-08-21 01:47:00,182 - INFO - [31m[1mWARNING: This is a development server. Do not use it in a production deployment. Use a production WSGI server instead.[0m
 * Running on all addresses (0.0.0.0)
 * Running on http://127.0.0.1:5000
 * Running on http://172.31.68.66:5000
2025-08-21 01:47:00,182 - INFO - [33mPress CTRL+C to quit[0m
2025-08-21 01:47:01,147 - INFO - Web server started on port 5000 for UptimeRobot monitoring
2025-08-21 01:47:01,148 - WARNING - PyNaCl is not installed, voice will NOT be supported
2025-08-21 01:47:01,154 - INFO - logging in using static token
2025-08-21 01:47:01,161 - INFO - [31m[1mWARNING: This is a development server. Do not use it in a production deployment. Use a production WSGI server instead.[0m
 * Running on all addresses (0.0.0.0)
 * Running on http://127.0.0.1:5000
 * Running on http://172.31.68.66:5000
2025-08-21 01:47:01,161 - INFO - [33mPress CTRL+C to quit[0m
2025-08-21 01:47:01,411 - INFO - 172.31.68.66 - - [21/Aug/2025 01:47:01] "GET / HTTP/1.1" 200 -
2025-08-21 01:47:01,537 - INFO - Admin commands loaded successfully
2025-08-21 01:47:01,835 - INFO - Shard ID None has connected to Gateway (Session ID: 30113296a399b58b32622e3f04e0a18d).
2025-08-21 01:47:03,844 - INFO - seraphina#0264 has connected to Discord!
2025-08-21 01:47:03,844 - INFO - Bot is in 1 guilds
2025-08-21 01:47:03,844 - INFO - Connected to guild: freaky development (ID: 1405223222588342302)
2025-08-21 01:50:40,908 - INFO - Web server started on port 5000 for UptimeRobot monitoring
2025-08-21 01:50:40,910 - WARNING - PyNaCl is not installed, voice will NOT be supported
2025-08-21 01:50:40,925 - INFO - logging in using static token
2025-08-21 01:50:40,936 - INFO - [31m[1mWARNING: This is a development server. Do not use it in a production deployment. Use a production WSGI server instead.[0m
 * Running on all addresses (0.0.0.0)
 * Running on http://127.0.0.1:5000
 * Running on http://172.31.90.194:5000
2025-08-21 01:50:40,936 - INFO - [33mPress CTRL+C to quit[0m
2025-08-21 01:50:41,138 - INFO - 172.31.90.194 - - [21/Aug/2025 01:50:41] "GET / HTTP/1.1" 200 -
2025-08-21 01:50:42,200 - INFO - Admin commands loaded successfully
2025-08-21 01:50:42,622 - INFO - Shard ID None has connected to Gateway (Session ID: cac98c933eaf5bfedba854183a1e72a9).
2025-08-21 01:50:44,632 - INFO - seraphina#0264 has connected to Discord!
2025-08-21 01:50:44,632 - INFO - Bot is in 1 guilds
2025-08-21 01:50:44,633 - INFO - Connected to guild: freaky development (ID: 1405223222588342302)
2025-08-21 01:51:34,960 - INFO - Web server started on port 5000 for UptimeRobot monitoring
2025-08-21 01:51:34,966 - WARNING - PyNaCl is not installed, voice will NOT be supported
2025-08-21 01:51:34,974 - INFO - logging in using static token
2025-08-21 01:51:35,014 - INFO - [31m[1mWARNING: This is a development server. Do not use it in a production deployment. Use a production WSGI server instead.[0m
 * Running on all addresses (0.0.0.0)
 * Running on http://127.0.0.1:5000
 * Running on http://172.31.90.194:5000
2025-08-21 01:51:35,014 - INFO - [33mPress CTRL+C to quit[0m
2025-08-21 01:51:35,137 - INFO - 172.31.90.194 - - [21/Aug/2025 01:51:35] "GET / HTTP/1.1" 200 -
2025-08-21 01:51:35,286 - INFO - Admin commands loaded successfully
2025-08-21 01:51:35,552 - INFO - Shard ID None has connected to Gateway (Session ID: 8c429bb87f3df3c1f830fa18dce0d765).
2025-08-21 01:51:37,560 - INFO - seraphina#0264 has connected to Discord!
2025-08-21 01:51:37,560 - INFO - Bot is in 1 guilds
2025-08-21 01:51:37,562 - INFO - Connected to guild: freaky development (ID: 1405223222588342302)
2025-08-21 01:53:01,995 - INFO - Deleted spam message from djfbeats in freaky development: Repeated character spam: 's'
2025-08-21 01:53:03,221 - INFO - Sent DM spam warning to djfbeats
2025-08-21 01:53:03,222 - INFO - Spam detected: djfbeats in freaky development - Repeated character spam: 's'
2025-08-21 01:54:14,947 - INFO - Web server started on port 5000 for UptimeRobot monitoring
2025-08-21 01:54:14,949 - WARNING - PyNaCl is not installed, voice will NOT be supported
2025-08-21 01:54:14,956 - INFO - logging in using static token
2025-08-21 01:54:14,970 - INFO - [31m[1mWARNING: This is a development server. Do not use it in a production deployment. Use a production WSGI server instead.[0m
 * Running on all addresses (0.0.0.0)
 * Running on http://127.0.0.1:5000
 * Running on http://172.31.90.194:5000
2025-08-21 01:54:14,971 - INFO - [33mPress CTRL+C to quit[0m
2025-08-21 01:54:15,123 - INFO - 172.31.90.194 - - [21/Aug/2025 01:54:15] "GET / HTTP/1.1" 200 -
2025-08-21 01:54:15,423 - INFO - Admin commands loaded successfully
2025-08-21 01:54:15,659 - INFO - Shard ID None has connected to Gateway (Session ID: b0b41871e5ad7c384a39e62cedb66fb1).
2025-08-21 01:54:17,664 - INFO - seraphina#0264 has connected to Discord!
2025-08-21 01:54:17,664 - INFO - Bot is in 1 guilds
2025-08-21 01:54:17,665 - INFO - Connected to guild: freaky development (ID: 1405223222588342302)
2025-08-21 01:55:09,610 - INFO - Deleted spam message from djfbeats in freaky development: Repeated character spam: 's'
2025-08-21 01:55:09,956 - INFO - Sent DM spam warning to djfbeats
2025-08-21 01:55:09,956 - INFO - Spam detected: djfbeats in freaky development - Repeated character spam: 's'
2025-08-21 01:56:54,484 - ERROR - Unhandled command error: The check functions for command modsensitivity failed.
2025-08-21 01:57:12,431 - INFO - Configuration saved successfully
2025-08-21 01:57:24,425 - INFO - Configuration saved successfully
2025-08-21 01:57:34,546 - INFO - Configuration saved successfully
2025-08-21 01:57:41,229 - INFO - Configuration saved successfully
2025-08-21 01:57:47,872 - INFO - Configuration saved successfully
2025-08-21 01:57:51,653 - INFO - Configuration saved successfully
2025-08-21 01:58:16,123 - INFO - Configuration saved successfully
2025-08-21 02:03:22,994 - INFO - Web server started on port 5000 for UptimeRobot monitoring
2025-08-21 02:03:22,994 - WARNING - PyNaCl is not installed, voice will NOT be supported
2025-08-21 02:03:23,000 - INFO - logging in using static token
2025-08-21 02:03:23,013 - INFO - [31m[1mWARNING: This is a development server. Do not use it in a production deployment. Use a production WSGI server instead.[0m
 * Running on all addresses (0.0.0.0)
 * Running on http://127.0.0.1:5000
 * Running on http://172.31.90.194:5000
2025-08-21 02:03:23,013 - INFO - [33mPress CTRL+C to quit[0m
2025-08-21 02:03:23,303 - INFO - 172.31.90.194 - - [21/Aug/2025 02:03:23] "GET / HTTP/1.1" 200 -
2025-08-21 02:03:23,436 - INFO - Admin commands loaded successfully
2025-08-21 02:03:23,863 - INFO - Shard ID None has connected to Gateway (Session ID: 16140cd3962b6ce1ea57a2ee5e744b0b).
2025-08-21 02:03:25,868 - INFO - seraphina#0264 has connected to Discord!
2025-08-21 02:03:25,868 - INFO - Bot is in 1 guilds
2025-08-21 02:03:25,868 - INFO - Connected to guild: freaky development (ID: 1405223222588342302)
2025-08-21 02:18:05,218 - INFO - Web server started on port 5000 for UptimeRobot monitoring
2025-08-21 02:18:05,218 - WARNING - PyNaCl is not installed, voice will NOT be supported
2025-08-21 02:18:05,224 - INFO - logging in using static token
2025-08-21 02:18:05,234 - INFO - [31m[1mWARNING: This is a development server. Do not use it in a production deployment. Use a production WSGI server instead.[0m
 * Running on all addresses (0.0.0.0)
 * Running on http://127.0.0.1:5000
 * Running on http://172.31.90.194:5000
2025-08-21 02:18:05,234 - INFO - [33mPress CTRL+C to quit[0m
2025-08-21 02:18:05,554 - INFO - 172.31.90.194 - - [21/Aug/2025 02:18:05] "GET / HTTP/1.1" 200 -
2025-08-21 02:18:05,562 - INFO - Admin commands loaded successfully
2025-08-21 02:18:05,937 - INFO - Shard ID None has connected to Gateway (Session ID: f0889728d5a249098af60f8eceb00ebe).
2025-08-21 02:18:07,941 - INFO - seraphina#0264 has connected to Discord!
2025-08-21 02:18:07,941 - INFO - Bot is in 1 guilds
2025-08-21 02:18:07,941 - INFO - Connected to guild: freaky development (ID: 1405223222588342302)
2025-08-21 02:26:25,390 - INFO - Web server started on port 5000 for UptimeRobot monitoring
2025-08-21 02:26:25,391 - WARNING - PyNaCl is not installed, voice will NOT be supported
2025-08-21 02:26:25,397 - INFO - logging in using static token
2025-08-21 02:26:25,423 - INFO - [31m[1mWARNING: This is a development server. Do not use it in a production deployment. Use a production WSGI server instead.[0m
 * Running on all addresses (0.0.0.0)
 * Running on http://127.0.0.1:5000
 * Running on http://172.31.90.194:5000
2025-08-21 02:26:25,423 - INFO - [33mPress CTRL+C to quit[0m
2025-08-21 02:26:25,720 - INFO - 172.31.90.194 - - [21/Aug/2025 02:26:25] "GET / HTTP/1.1" 200 -
2025-08-21 02:26:25,734 - INFO - Admin commands loaded successfully
2025-08-21 02:26:25,998 - INFO - Shard ID None has connected to Gateway (Session ID: 9697c558be0fef092b2ea6e99f58503b).
2025-08-21 02:26:28,003 - INFO - seraphina#0264 has connected to Discord!
2025-08-21 02:26:28,003 - INFO - Bot is in 1 guilds
2025-08-21 02:26:28,003 - INFO - Connected to guild: freaky development (ID: 1405223222588342302)
2025-08-21 02:31:37,919 - INFO - Web server started on port 5000 for UptimeRobot monitoring
2025-08-21 02:31:37,920 - WARNING - PyNaCl is not installed, voice will NOT be supported
2025-08-21 02:31:37,925 - INFO - logging in using static token
2025-08-21 02:31:37,935 - INFO - [31m[1mWARNING: This is a development server. Do not use it in a production deployment. Use a production WSGI server instead.[0m
 * Running on all addresses (0.0.0.0)
 * Running on http://127.0.0.1:5000
 * Running on http://172.31.90.194:5000
2025-08-21 02:31:37,935 - INFO - [33mPress CTRL+C to quit[0m
2025-08-21 02:31:38,232 - INFO - 172.31.90.194 - - [21/Aug/2025 02:31:38] "GET / HTTP/1.1" 200 -
2025-08-21 02:31:38,264 - INFO - Admin commands loaded successfully
2025-08-21 02:31:38,698 - INFO - Shard ID None has connected to Gateway (Session ID: 1f094c9c71f6319aed66669789b65d9a).
2025-08-21 02:31:40,704 - INFO - seraphina#0264 has connected to Discord!
2025-08-21 02:31:40,704 - INFO - Bot is in 1 guilds
2025-08-21 02:31:40,704 - INFO - Connected to guild: freaky development (ID: 1405223222588342302)
2025-08-21 02:31:40,705 - INFO - Changed status to: watching OK K.O.! (and you 😉)
2025-08-21 02:31:55,708 - INFO - Changed status to: listening deee-lite
2025-08-21 02:32:10,723 - INFO - Changed status to: watching OK K.O.! (and you 😉)
2025-08-21 02:32:25,730 - INFO - Changed status to: listening deee-lite
2025-08-21 02:32:40,745 - INFO - Changed status to: watching OK K.O.! (and you 😉)
2025-08-21 02:32:55,761 - INFO - Changed status to: listening deee-lite
2025-08-21 02:33:10,771 - INFO - Changed status to: listening deee-lite
2025-08-21 02:33:25,786 - INFO - Changed status to: listening djf
2025-08-21 02:33:40,802 - INFO - Changed status to: listening djf
2025-08-21 02:33:55,816 - INFO - Changed status to: listening deee-lite
2025-08-21 02:34:10,831 - INFO - Changed status to: watching OK K.O.! (and you 😉)
2025-08-21 02:34:25,834 - INFO - Changed status to: listening magdalena bay
2025-08-21 02:34:40,850 - INFO - Changed status to: listening magdalena bay
2025-08-21 02:34:55,865 - INFO - Changed status to: listening deee-lite
2025-08-21 02:35:10,872 - INFO - Changed status to: listening djf
2025-08-21 02:35:25,887 - INFO - Changed status to: listening magdalena bay
2025-08-21 02:35:40,903 - INFO - Changed status to: watching OK K.O.! (and you 😉)
2025-08-21 02:35:55,914 - INFO - Changed status to: watching OK K.O.! (and you 😉)
2025-08-21 02:36:10,929 - INFO - Changed status to: listening magdalena bay
2025-08-21 02:36:25,944 - INFO - Changed status to: playing lots of roblox
2025-08-21 02:36:40,947 - INFO - Changed status to: listening deee-lite
2025-08-21 02:36:55,962 - INFO - Changed status to: listening djf
2025-08-21 02:37:10,965 - INFO - Changed status to: listening deee-lite
2025-08-21 02:37:25,980 - INFO - Changed status to: listening deee-lite
2025-08-21 02:37:40,996 - INFO - Changed status to: listening djf
2025-08-21 02:37:56,002 - INFO - Changed status to: listening djf
2025-08-21 02:38:11,017 - INFO - Changed status to: watching OK K.O.! (and you 😉)
2025-08-21 02:38:26,033 - INFO - Changed status to: watching OK K.O.! (and you 😉)
2025-08-21 02:38:41,043 - INFO - Changed status to: listening djf
2025-08-21 02:38:56,058 - INFO - Changed status to: watching OK K.O.! (and you 😉)
2025-08-21 02:39:11,073 - INFO - Changed status to: playing lots of roblox
2025-08-21 02:39:26,088 - INFO - Changed status to: watching OK K.O.! (and you 😉)
2025-08-21 02:39:41,103 - INFO - Changed status to: listening djf
2025-08-21 02:39:56,107 - INFO - Changed status to: listening deee-lite
2025-08-21 02:40:11,122 - INFO - Changed status to: listening deee-lite
2025-08-21 02:40:26,137 - INFO - Changed status to: listening djf
2025-08-21 02:40:41,144 - INFO - Changed status to: watching OK K.O.! (and you 😉)
2025-08-21 02:40:56,159 - INFO - Changed status to: listening djf
2025-08-21 02:41:11,174 - INFO - Changed status to: listening deee-lite
2025-08-21 02:41:26,185 - INFO - Changed status to: listening djf
2025-08-21 02:41:41,200 - INFO - Changed status to: listening djf
2025-08-21 02:41:56,215 - INFO - Changed status to: listening djf
2025-08-21 02:42:11,231 - INFO - Changed status to: listening djf
2025-08-21 02:42:26,246 - INFO - Changed status to: watching OK K.O.! (and you 😉)
2025-08-21 02:42:41,249 - INFO - Changed status to: listening deee-lite
2025-08-21 02:42:56,265 - INFO - Changed status to: listening magdalena bay
2025-08-21 02:43:11,280 - INFO - Changed status to: playing lots of roblox
2025-08-21 02:43:26,287 - INFO - Changed status to: listening deee-lite
2025-08-21 02:43:41,302 - INFO - Changed status to: watching OK K.O.! (and you 😉)
2025-08-21 02:43:56,317 - INFO - Changed status to: listening deee-lite
2025-08-21 02:44:11,328 - INFO - Changed status to: listening magdalena bay
2025-08-21 02:44:26,343 - INFO - Changed status to: listening deee-lite
2025-08-21 02:44:41,358 - INFO - Changed status to: listening djf
2025-08-21 02:44:56,374 - INFO - Changed status to: listening deee-lite
2025-08-21 02:45:11,389 - INFO - Changed status to: listening deee-lite
2025-08-21 02:45:26,393 - INFO - Changed status to: listening deee-lite
2025-08-21 02:45:41,408 - INFO - Changed status to: watching OK K.O.! (and you 😉)
2025-08-21 02:45:56,424 - INFO - Changed status to: listening djf
2025-08-21 02:46:11,431 - INFO - Changed status to: listening deee-lite
2025-08-21 02:46:26,446 - INFO - Changed status to: listening deee-lite
2025-08-21 02:46:41,461 - INFO - Changed status to: watching OK K.O.! (and you 😉)
2025-08-21 02:46:56,473 - INFO - Changed status to: listening deee-lite
2025-08-21 02:47:11,488 - INFO - Changed status to: watching OK K.O.! (and you 😉)
2025-08-21 02:47:26,505 - INFO - Changed status to: listening deee-lite
2025-08-21 02:47:41,520 - INFO - Changed status to: watching OK K.O.! (and you 😉)
2025-08-21 02:47:56,536 - INFO - Changed status to: watching OK K.O.! (and you 😉)
2025-08-21 02:48:11,540 - INFO - Changed status to: listening deee-lite
2025-08-21 02:48:26,555 - INFO - Changed status to: listening magdalena bay
2025-08-21 02:48:41,570 - INFO - Changed status to: listening djf
2025-08-21 02:48:56,578 - INFO - Changed status to: listening djf
2025-08-21 02:49:11,593 - INFO - Changed status to: playing lots of roblox
2025-08-21 02:49:26,608 - INFO - Changed status to: playing lots of roblox
2025-08-21 02:49:41,619 - INFO - Changed status to: watching OK K.O.! (and you 😉)
2025-08-21 02:49:56,635 - INFO - Changed status to: listening magdalena bay
2025-08-21 02:50:11,650 - INFO - Changed status to: playing lots of roblox
2025-08-21 02:50:26,665 - INFO - Changed status to: playing lots of roblox
2025-08-21 02:50:41,680 - INFO - Changed status to: listening djf
2025-08-21 02:50:56,684 - INFO - Changed status to: playing lots of roblox
2025-08-21 02:51:11,698 - INFO - Changed status to: listening deee-lite
2025-08-21 02:51:26,713 - INFO - Changed status to: watching OK K.O.! (and you 😉)
2025-08-21 02:51:41,721 - INFO - Changed status to: listening magdalena bay
2025-08-21 02:51:56,736 - INFO - Changed status to: listening djf
2025-08-21 02:52:11,751 - INFO - Changed status to: listening magdalena bay
2025-08-21 02:52:26,762 - INFO - Changed status to: playing lots of roblox
2025-08-21 02:52:41,777 - INFO - Changed status to: playing lots of roblox
2025-08-21 02:52:56,793 - INFO - Changed status to: playing lots of roblox
2025-08-21 02:53:11,808 - INFO - Changed status to: playing lots of roblox
2025-08-21 02:53:26,823 - INFO - Changed status to: listening deee-lite
2025-08-21 02:53:41,827 - INFO - Changed status to: playing lots of roblox
2025-08-21 02:53:56,842 - INFO - Changed status to: listening djf
2025-08-21 02:54:11,857 - INFO - Changed status to: playing lots of roblox
2025-08-21 02:54:26,866 - INFO - Changed status to: listening magdalena bay
2025-08-21 02:54:41,881 - INFO - Changed status to: playing lots of roblox
2025-08-21 02:54:56,896 - INFO - Changed status to: listening deee-lite
2025-08-21 02:55:11,908 - INFO - Changed status to: playing lots of roblox
2025-08-21 02:55:26,923 - INFO - Changed status to: listening deee-lite
2025-08-21 02:55:41,938 - INFO - Changed status to: listening magdalena bay
2025-08-21 02:55:56,953 - INFO - Changed status to: listening djf
2025-08-21 02:56:11,968 - INFO - Changed status to: listening magdalena bay
2025-08-21 02:56:26,972 - INFO - Changed status to: listening magdalena bay
2025-08-21 02:56:41,987 - INFO - Changed status to: listening djf
2025-08-21 02:56:57,003 - INFO - Changed status to: listening djf
2025-08-21 02:57:12,011 - INFO - Changed status to: playing lots of roblox
2025-08-21 02:57:27,026 - INFO - Changed status to: listening magdalena bay
2025-08-21 02:57:42,041 - INFO - Changed status to: listening magdalena bay
2025-08-21 02:57:57,052 - INFO - Changed status to: listening deee-lite
2025-08-21 02:58:12,068 - INFO - Changed status to: playing lots of roblox
2025-08-21 02:58:27,083 - INFO - Changed status to: playing lots of roblox
2025-08-21 02:58:42,099 - INFO - Changed status to: listening deee-lite
2025-08-21 02:58:57,114 - INFO - Changed status to: watching OK K.O.! (and you 😉)
2025-08-21 02:59:12,118 - INFO - Changed status to: playing lots of roblox
2025-08-21 02:59:27,133 - INFO - Changed status to: playing lots of roblox
2025-08-21 02:59:42,148 - INFO - Changed status to: playing lots of roblox
2025-08-21 02:59:57,156 - INFO - Changed status to: watching OK K.O.! (and you 😉)
2025-08-21 03:00:12,172 - INFO - Changed status to: playing lots of roblox
2025-08-21 03:00:27,187 - INFO - Changed status to: playing lots of roblox
2025-08-21 03:00:42,199 - INFO - Changed status to: listening djf
2025-08-21 03:00:57,213 - INFO - Changed status to: listening djf
2025-08-21 03:01:12,228 - INFO - Changed status to: playing lots of roblox
2025-08-21 03:01:27,243 - INFO - Changed status to: listening djf
2025-08-21 03:01:42,258 - INFO - Changed status to: listening deee-lite
2025-08-21 03:01:57,263 - INFO - Changed status to: listening magdalena bay
2025-08-21 03:02:12,278 - INFO - Changed status to: watching OK K.O.! (and you 😉)
2025-08-21 03:02:27,293 - INFO - Changed status to: playing lots of roblox
2025-08-21 03:02:42,301 - INFO - Changed status to: playing lots of roblox
2025-08-21 03:02:57,317 - INFO - Changed status to: listening magdalena bay
2025-08-21 03:03:12,333 - INFO - Changed status to: listening deee-lite
2025-08-21 03:03:27,345 - INFO - Changed status to: watching OK K.O.! (and you 😉)
2025-08-21 03:03:42,360 - INFO - Changed status to: watching OK K.O.! (and you 😉)
2025-08-21 03:03:57,361 - INFO - Changed status to: listening djf
2025-08-21 03:04:12,377 - INFO - Changed status to: watching OK K.O.! (and you 😉)
2025-08-21 03:04:27,392 - INFO - Changed status to: listening deee-lite
2025-08-21 03:04:42,396 - INFO - Changed status to: listening deee-lite
2025-08-21 03:04:57,411 - INFO - Changed status to: listening djf
2025-08-21 03:05:12,426 - INFO - Changed status to: playing lots of roblox
2025-08-21 03:05:27,435 - INFO - Changed status to: watching OK K.O.! (and you 😉)
2025-08-21 03:05:42,451 - INFO - Changed status to: listening deee-lite
2025-08-21 03:05:57,466 - INFO - Changed status to: listening magdalena bay
2025-08-21 03:06:12,479 - INFO - Changed status to: listening magdalena bay
2025-08-21 03:06:27,494 - INFO - Changed status to: listening magdalena bay
2025-08-21 03:06:42,496 - INFO - Changed status to: watching OK K.O.! (and you 😉)
2025-08-21 03:06:57,512 - INFO - Changed status to: listening deee-lite
2025-08-21 03:07:12,527 - INFO - Changed status to: listening deee-lite
2025-08-21 03:07:27,533 - INFO - Changed status to: playing lots of roblox
2025-08-21 03:07:42,548 - INFO - Changed status to: watching OK K.O.! (and you 😉)
2025-08-21 03:07:57,564 - INFO - Changed status to: listening magdalena bay
2025-08-21 03:08:12,572 - INFO - Changed status to: listening djf
2025-08-21 03:08:27,587 - INFO - Changed status to: watching OK K.O.! (and you 😉)
2025-08-21 03:08:42,604 - INFO - Changed status to: watching OK K.O.! (and you 😉)
2025-08-21 03:08:57,618 - INFO - Changed status to: playing lots of roblox
2025-08-21 03:09:12,633 - INFO - Changed status to: listening deee-lite
2025-08-21 03:09:27,634 - INFO - Changed status to: listening magdalena bay
2025-08-21 03:09:42,649 - INFO - Changed status to: listening djf
2025-08-21 03:09:57,664 - INFO - Changed status to: listening djf
2025-08-21 03:10:12,669 - INFO - Changed status to: playing lots of roblox
2025-08-21 03:10:27,684 - INFO - Changed status to: listening magdalena bay
2025-08-21 03:10:42,700 - INFO - Changed status to: playing lots of roblox
2025-08-21 03:10:57,709 - INFO - Changed status to: playing lots of roblox
2025-08-21 03:11:12,725 - INFO - Changed status to: listening djf
2025-08-21 03:11:27,740 - INFO - Changed status to: listening djf
2025-08-21 03:11:42,752 - INFO - Changed status to: listening magdalena bay
2025-08-21 03:11:57,767 - INFO - Changed status to: listening magdalena bay
2025-08-21 03:12:12,768 - INFO - Changed status to: listening deee-lite
2025-08-21 03:12:27,784 - INFO - Changed status to: listening deee-lite
2025-08-21 03:12:42,799 - INFO - Changed status to: listening deee-lite
2025-08-21 03:12:57,804 - INFO - Changed status to: listening magdalena bay
2025-08-21 03:13:12,820 - INFO - Changed status to: listening deee-lite
2025-08-21 03:13:27,835 - INFO - Changed status to: listening magdalena bay
2025-08-21 03:13:42,844 - INFO - Changed status to: listening djf
2025-08-21 03:13:57,858 - INFO - Changed status to: listening djf
2025-08-21 03:13:58,114 - INFO - Shard ID None has successfully RESUMED session 1f094c9c71f6319aed66669789b65d9a.
2025-08-21 03:14:12,875 - INFO - Changed status to: listening djf
2025-08-21 03:14:27,890 - INFO - Changed status to: listening deee-lite
2025-08-21 03:14:42,894 - INFO - Changed status to: playing lots of roblox
2025-08-21 03:14:57,909 - INFO - Changed status to: listening deee-lite
2025-08-21 03:15:12,924 - INFO - Changed status to: watching OK K.O.! (and you 😉)
2025-08-21 03:15:27,933 - INFO - Changed status to: playing lots of roblox
2025-08-21 03:15:42,948 - INFO - Changed status to: listening deee-lite
2025-08-21 03:15:57,964 - INFO - Changed status to: watching OK K.O.! (and you 😉)
2025-08-21 03:16:12,976 - INFO - Changed status to: watching OK K.O.! (and you 😉)
2025-08-21 03:16:27,991 - INFO - Changed status to: listening djf
2025-08-21 03:16:43,007 - INFO - Changed status to: playing lots of roblox
2025-08-21 03:16:58,023 - INFO - Changed status to: listening deee-lite
2025-08-21 03:17:13,039 - INFO - Changed status to: listening djf
2025-08-21 03:17:28,043 - INFO - Changed status to: listening magdalena bay
2025-08-21 03:17:43,058 - INFO - Changed status to: listening deee-lite
2025-08-21 03:17:58,073 - INFO - Changed status to: listening magdalena bay
2025-08-21 03:18:13,081 - INFO - Changed status to: listening djf
2025-08-21 03:18:28,096 - INFO - Changed status to: listening magdalena bay
2025-08-21 03:18:43,112 - INFO - Changed status to: watching OK K.O.! (and you 😉)
2025-08-21 03:18:58,124 - INFO - Changed status to: playing lots of roblox
2025-08-21 03:19:13,140 - INFO - Changed status to: playing lots of roblox
2025-08-21 03:19:28,141 - INFO - Changed status to: playing lots of roblox
2025-08-21 03:19:43,156 - INFO - Changed status to: watching OK K.O.! (and you 😉)
2025-08-21 03:19:58,171 - INFO - Changed status to: listening deee-lite
2025-08-21 03:20:13,177 - INFO - Changed status to: playing lots of roblox
2025-08-21 03:20:28,192 - INFO - Changed status to: listening magdalena bay
2025-08-21 03:20:43,208 - INFO - Changed status to: playing lots of roblox
2025-08-21 03:20:58,218 - INFO - Changed status to: playing lots of roblox
2025-08-21 03:21:13,233 - INFO - Changed status to: listening magdalena bay
2025-08-21 03:21:28,248 - INFO - Changed status to: listening djf
2025-08-21 03:21:43,260 - INFO - Changed status to: playing lots of roblox
2025-08-21 03:21:58,275 - INFO - Changed status to: listening djf
2025-08-21 03:22:13,275 - INFO - Changed status to: listening djf
2025-08-21 03:22:28,291 - INFO - Changed status to: watching OK K.O.! (and you 😉)
2025-08-21 03:22:43,307 - INFO - Changed status to: listening deee-lite
2025-08-21 03:22:58,313 - INFO - Changed status to: playing lots of roblox
2025-08-21 03:23:13,328 - INFO - Changed status to: listening deee-lite
2025-08-21 03:23:28,344 - INFO - Changed status to: listening deee-lite
2025-08-21 03:23:43,353 - INFO - Changed status to: playing lots of roblox
2025-08-21 03:23:58,368 - INFO - Changed status to: listening deee-lite
2025-08-21 03:24:13,383 - INFO - Changed status to: listening djf
2025-08-21 03:24:28,395 - INFO - Changed status to: playing lots of roblox
2025-08-21 03:24:43,411 - INFO - Changed status to: listening deee-lite
2025-08-21 03:24:58,413 - INFO - Changed status to: listening deee-lite
2025-08-21 03:25:13,428 - INFO - Changed status to: watching OK K.O.! (and you 😉)
2025-08-21 03:25:28,443 - INFO - Changed status to: listening magdalena bay
2025-08-21 03:25:43,448 - INFO - Changed status to: listening magdalena bay
2025-08-21 03:25:58,463 - INFO - Changed status to: listening deee-lite
2025-08-21 03:26:13,478 - INFO - Changed status to: listening magdalena bay
2025-08-21 03:26:28,486 - INFO - Changed status to: playing lots of roblox
2025-08-21 03:26:43,502 - INFO - Changed status to: watching OK K.O.! (and you 😉)
2025-08-21 03:26:58,517 - INFO - Changed status to: watching OK K.O.! (and you 😉)
2025-08-21 03:27:13,529 - INFO - Changed status to: listening deee-lite
2025-08-21 03:27:28,544 - INFO - Changed status to: watching OK K.O.! (and you 😉)
2025-08-21 19:06:56,982 - INFO - Web server started on port 5000 for UptimeRobot monitoring
2025-08-21 19:06:56,984 - WARNING - PyNaCl is not installed, voice will NOT be supported
2025-08-21 19:06:56,986 - INFO - Web server started on port 5000 for UptimeRobot monitoring
2025-08-21 19:06:56,987 - WARNING - PyNaCl is not installed, voice will NOT be supported
2025-08-21 19:06:56,992 - INFO - logging in using static token
2025-08-21 19:06:56,995 - INFO - logging in using static token
2025-08-21 19:06:57,002 - INFO - [31m[1mWARNING: This is a development server. Do not use it in a production deployment. Use a production WSGI server instead.[0m
 * Running on all addresses (0.0.0.0)
 * Running on http://127.0.0.1:5000
 * Running on http://172.31.100.66:5000
2025-08-21 19:06:57,002 - INFO - [33mPress CTRL+C to quit[0m
2025-08-21 19:06:57,351 - INFO - 172.31.100.66 - - [21/Aug/2025 19:06:57] "GET / HTTP/1.1" 200 -
2025-08-21 19:06:57,478 - INFO - Admin commands loaded successfully
2025-08-21 19:06:57,529 - INFO - Admin commands loaded successfully
2025-08-21 19:06:57,768 - INFO - Shard ID None has connected to Gateway (Session ID: e12620275651e51b3046ba372615311a).
2025-08-21 19:06:57,831 - INFO - Shard ID None has connected to Gateway (Session ID: 2b47ad997cc065a5beea263b97d10a3f).
2025-08-21 19:06:59,772 - INFO - seraphina#0264 has connected to Discord!
2025-08-21 19:06:59,772 - INFO - Bot is in 1 guilds
2025-08-21 19:06:59,772 - INFO - Connected to guild: freaky development (ID: 1405223222588342302)
2025-08-21 19:06:59,773 - INFO - Changed status to: listening deee-lite
2025-08-21 19:06:59,835 - INFO - seraphina#0264 has connected to Discord!
2025-08-21 19:06:59,836 - INFO - Bot is in 1 guilds
2025-08-21 19:06:59,836 - INFO - Connected to guild: freaky development (ID: 1405223222588342302)
2025-08-21 19:06:59,836 - INFO - Changed status to: listening magdalena bay
2025-08-21 19:08:14,689 - INFO - Web server started on port 5000 for UptimeRobot monitoring
2025-08-21 19:08:14,690 - WARNING - PyNaCl is not installed, voice will NOT be supported
2025-08-21 19:08:14,696 - INFO - logging in using static token
2025-08-21 19:08:14,703 - INFO - [31m[1mWARNING: This is a development server. Do not use it in a production deployment. Use a production WSGI server instead.[0m
 * Running on all addresses (0.0.0.0)
 * Running on http://127.0.0.1:5000
 * Running on http://172.31.100.66:5000
2025-08-21 19:08:14,704 - INFO - [33mPress CTRL+C to quit[0m
2025-08-21 19:08:14,885 - INFO - 172.31.100.66 - - [21/Aug/2025 19:08:14] "GET / HTTP/1.1" 200 -
2025-08-21 19:08:15,099 - INFO - Web server started on port 5000 for UptimeRobot monitoring
2025-08-21 19:08:15,100 - WARNING - PyNaCl is not installed, voice will NOT be supported
2025-08-21 19:08:15,106 - INFO - logging in using static token
2025-08-21 19:08:15,359 - INFO - Admin commands loaded successfully
2025-08-21 19:08:15,452 - INFO - Admin commands loaded successfully
2025-08-21 19:08:15,587 - INFO - Shard ID None has connected to Gateway (Session ID: bbf4bc641c948f4cccc74598d10122ab).
2025-08-21 19:08:15,823 - INFO - Shard ID None has connected to Gateway (Session ID: e0047d9ece8c785aad3ef82f31d4809e).
2025-08-21 19:08:17,612 - INFO - seraphina#0264 has connected to Discord!
2025-08-21 19:08:17,612 - INFO - Bot is in 1 guilds
2025-08-21 19:08:17,613 - INFO - Connected to guild: freaky development (ID: 1405223222588342302)
2025-08-21 19:08:17,613 - INFO - Changed status to: listening magdalena bay
2025-08-21 19:08:17,826 - INFO - seraphina#0264 has connected to Discord!
2025-08-21 19:08:17,827 - INFO - Bot is in 1 guilds
2025-08-21 19:08:17,827 - INFO - Connected to guild: freaky development (ID: 1405223222588342302)
2025-08-21 19:08:17,827 - INFO - Changed status to: playing lots of roblox
2025-08-21 19:08:32,617 - INFO - Changed status to: playing lots of roblox
2025-08-21 19:08:32,829 - INFO - Changed status to: watching OK K.O.! (and you 😉)
2025-08-21 19:08:47,620 - INFO - Changed status to: listening djf
2025-08-21 19:08:47,845 - INFO - Changed status to: listening djf
2025-08-21 19:09:02,625 - INFO - Changed status to: listening djf
2025-08-21 19:09:02,852 - INFO - Changed status to: playing lots of roblox
2025-08-21 19:09:17,641 - INFO - Changed status to: watching OK K.O.! (and you 😉)
2025-08-21 19:09:17,867 - INFO - Changed status to: listening djf
2025-08-21 19:09:32,654 - INFO - Changed status to: playing lots of roblox
2025-08-21 19:09:32,882 - INFO - Changed status to: watching OK K.O.! (and you 😉)
2025-08-21 19:09:47,664 - INFO - Changed status to: playing lots of roblox
2025-08-21 19:09:47,893 - INFO - Changed status to: watching OK K.O.! (and you 😉)
2025-08-21 19:10:02,679 - INFO - Changed status to: watching OK K.O.! (and you 😉)
2025-08-21 19:10:02,904 - INFO - Changed status to: listening magdalena bay
2025-08-21 19:10:17,694 - INFO - Changed status to: listening deee-lite
2025-08-21 19:10:17,919 - INFO - Changed status to: listening magdalena bay
2025-08-21 19:10:32,709 - INFO - Changed status to: watching OK K.O.! (and you 😉)
2025-08-21 19:10:32,933 - INFO - Changed status to: listening magdalena bay
2025-08-21 19:10:47,724 - INFO - Changed status to: watching OK K.O.! (and you 😉)
2025-08-21 19:10:47,948 - INFO - Changed status to: listening deee-lite
2025-08-21 19:11:02,726 - INFO - Changed status to: playing lots of roblox
2025-08-21 19:11:02,950 - INFO - Changed status to: listening magdalena bay
2025-08-21 19:11:17,741 - INFO - Changed status to: listening magdalena bay
2025-08-21 19:11:17,965 - INFO - Changed status to: listening deee-lite
2025-08-21 19:11:32,756 - INFO - Changed status to: watching OK K.O.! (and you 😉)
2025-08-21 19:11:32,980 - INFO - Changed status to: listening deee-lite
2025-08-21 19:11:47,763 - INFO - Changed status to: watching OK K.O.! (and you 😉)
2025-08-21 19:11:47,987 - INFO - Changed status to: watching OK K.O.! (and you 😉)
2025-08-21 19:12:02,778 - INFO - Changed status to: listening deee-lite
2025-08-21 19:12:03,003 - INFO - Changed status to: listening magdalena bay
2025-08-21 19:12:17,793 - INFO - Changed status to: listening magdalena bay
2025-08-21 19:12:18,018 - INFO - Changed status to: listening magdalena bay
2025-08-21 19:12:32,806 - INFO - Changed status to: playing lots of roblox
2025-08-21 19:12:33,028 - INFO - Changed status to: watching OK K.O.! (and you 😉)
2025-08-21 19:12:47,820 - INFO - Changed status to: listening magdalena bay
2025-08-21 19:12:48,044 - INFO - Changed status to: watching OK K.O.! (and you 😉)
2025-08-21 19:13:02,836 - INFO - Changed status to: listening deee-lite
2025-08-21 19:13:03,059 - INFO - Changed status to: watching OK K.O.! (and you 😉)
2025-08-21 19:13:17,838 - INFO - Changed status to: listening djf
2025-08-21 19:13:18,060 - INFO - Changed status to: playing lots of roblox
2025-08-21 19:13:32,853 - INFO - Changed status to: listening djf
2025-08-21 19:13:33,076 - INFO - Changed status to: listening djf
2025-08-21 19:13:47,856 - INFO - Changed status to: playing lots of roblox
2025-08-21 19:13:48,079 - INFO - Changed status to: listening djf
2025-08-21 19:14:02,870 - INFO - Changed status to: listening magdalena bay
2025-08-21 19:14:03,094 - INFO - Changed status to: listening djf
2025-08-21 19:14:17,886 - INFO - Changed status to: listening magdalena bay
2025-08-21 19:14:18,110 - INFO - Changed status to: playing lots of roblox
2025-08-21 19:14:32,894 - INFO - Changed status to: listening deee-lite
2025-08-21 19:14:33,117 - INFO - Changed status to: listening deee-lite
2025-08-21 19:14:47,910 - INFO - Changed status to: listening djf
2025-08-21 19:14:48,132 - INFO - Changed status to: listening djf
2025-08-21 19:15:02,925 - INFO - Changed status to: listening deee-lite
2025-08-21 19:15:03,148 - INFO - Changed status to: watching OK K.O.! (and you 😉)
2025-08-21 19:15:17,937 - INFO - Changed status to: listening magdalena bay
2025-08-21 19:15:18,159 - INFO - Changed status to: playing lots of roblox
2025-08-21 19:15:32,953 - INFO - Changed status to: listening magdalena bay
2025-08-21 19:15:33,176 - INFO - Changed status to: playing lots of roblox
2025-08-21 19:15:47,967 - INFO - Changed status to: listening magdalena bay
2025-08-21 19:15:48,191 - INFO - Changed status to: listening deee-lite
2025-08-21 19:16:02,981 - INFO - Changed status to: playing lots of roblox
2025-08-21 19:16:03,207 - INFO - Changed status to: playing lots of roblox
2025-08-21 19:16:11,260 - INFO - Web server started on port 5000 for UptimeRobot monitoring
2025-08-21 19:16:11,263 - WARNING - PyNaCl is not installed, voice will NOT be supported
2025-08-21 19:16:11,274 - INFO - logging in using static token
2025-08-21 19:16:11,279 - INFO - [31m[1mWARNING: This is a development server. Do not use it in a production deployment. Use a production WSGI server instead.[0m
 * Running on all addresses (0.0.0.0)
 * Running on http://127.0.0.1:5000
 * Running on http://172.31.100.66:5000
2025-08-21 19:16:11,279 - INFO - [33mPress CTRL+C to quit[0m
2025-08-21 19:16:11,702 - INFO - Admin commands loaded successfully
2025-08-21 19:16:11,720 - INFO - 172.31.100.66 - - [21/Aug/2025 19:16:11] "GET / HTTP/1.1" 200 -
2025-08-21 19:16:13,241 - INFO - Shard ID None has connected to Gateway (Session ID: c4289f06f9b46a33484bc6497c7c6025).
2025-08-21 19:16:15,276 - INFO - seraphina#0264 has connected to Discord!
2025-08-21 19:16:15,276 - INFO - Bot is in 1 guilds
2025-08-21 19:16:15,276 - INFO - Connected to guild: freaky development (ID: 1405223222588342302)
2025-08-21 19:16:15,276 - INFO - Changed status to: playing lots of roblox
2025-08-21 19:16:30,280 - INFO - Changed status to: playing lots of roblox
2025-08-21 19:16:45,295 - INFO - Changed status to: watching OK K.O.! (and you 😉)
2025-08-21 19:17:00,303 - INFO - Changed status to: playing lots of roblox
2025-08-21 19:17:15,318 - INFO - Changed status to: listening deee-lite
2025-08-21 19:17:30,333 - INFO - Changed status to: watching OK K.O.! (and you 😉)
2025-08-21 19:17:45,345 - INFO - Changed status to: listening djf
2025-08-21 19:18:00,359 - INFO - Changed status to: listening djf
2025-08-21 19:18:15,374 - INFO - Changed status to: listening magdalena bay
2025-08-21 19:18:30,391 - INFO - Changed status to: listening magdalena bay
